<?xml version="1.0" encoding="UTF-8"?>
<!-- Generated by org.testng.reporters.JUnitReportReporter -->
<testsuite hostname="LAPTOP-0KCN5936" failures="0" tests="2" name="org.excelautomate.ExcelReadWrite" time="1.056" errors="0" timestamp="23 Apr 2022 03:02:53 GMT" skipped="1">
  <testcase classname="org.excelautomate.ExcelReadWrite" name="writeExcel" time="1.056"/>
  <testcase classname="org.excelautomate.ExcelReadWrite" name="excelRead">
    <skipped/>
  </testcase> <!-- excelRead -->
</testsuite> <!-- org.excelautomate.ExcelReadWrite -->
